<?xml version="1.0" encoding="UTF-8"?>
<!-- Generated by org.testng.reporters.JUnitReportReporter -->
<testsuite hostname="DESKTOP-DRRO17G" name="framework.testng.BeforeClass_And_AfterClass" tests="3" failures="0" timestamp="5 Nov 2020 13:32:02 GMT" time="0.002" errors="0">
  <testcase name="tc003" time="0.000" classname="framework.testng.BeforeClass_And_AfterClass"/>
  <testcase name="tc001" time="0.002" classname="framework.testng.BeforeClass_And_AfterClass"/>
  <testcase name="tc002" time="0.000" classname="framework.testng.BeforeClass_And_AfterClass"/>
</testsuite> <!-- framework.testng.BeforeClass_And_AfterClass -->
