<?xml version="1.0" encoding="UTF-8"?>
<!-- Generated by org.testng.reporters.JUnitReportReporter -->
<testsuite hostname="DESKTOP-DRRO17G" name="framework.testng.Method_Description" tests="1" failures="0" timestamp="6 Nov 2020 12:45:52 GMT" time="0.000" errors="0">
  <testcase name="tc001" time="0.000" classname="framework.testng.Method_Description"/>
</testsuite> <!-- framework.testng.Method_Description -->
