<?xml version="1.0" encoding="UTF-8"?>
<!-- Generated by org.testng.reporters.JUnitReportReporter -->
<testsuite hostname="DESKTOP-DRRO17G" name="framework.testng.Groups.TestSuite1" tests="3" failures="0" timestamp="6 Nov 2020 13:31:07 GMT" time="0.044" errors="0">
  <testcase name="tc001" time="0.034" classname="framework.testng.Groups.TestSuite1"/>
  <testcase name="tc002" time="0.004" classname="framework.testng.Groups.TestSuite1"/>
  <testcase name="tc003" time="0.006" classname="framework.testng.Groups.TestSuite1"/>
</testsuite> <!-- framework.testng.Groups.TestSuite1 -->
