<?xml version="1.0" encoding="UTF-8"?>
<!-- Generated by org.testng.reporters.JUnitReportReporter -->
<testsuite hostname="DESKTOP-DRRO17G" name="framework.testng.With_Parameter.Get_Parameters_From_Suite" tests="3" failures="0" timestamp="6 Nov 2020 13:46:24 GMT" time="14.335" errors="0">
  <testcase name="User_login" time="0.345" classname="framework.testng.With_Parameter.Get_Parameters_From_Suite"/>
  <testcase name="launch_browser" time="10.531" classname="framework.testng.With_Parameter.Get_Parameters_From_Suite"/>
  <testcase name="loadWebpage" time="3.459" classname="framework.testng.With_Parameter.Get_Parameters_From_Suite"/>
</testsuite> <!-- framework.testng.With_Parameter.Get_Parameters_From_Suite -->
