<?xml version="1.0" encoding="UTF-8"?>
<!-- Generated by org.testng.reporters.JUnitReportReporter -->
<testsuite hostname="DESKTOP-DRRO17G" name="framework.testng.Groups.TestSuite2" tests="1" failures="0" timestamp="6 Nov 2020 13:31:07 GMT" time="0.004" errors="0">
  <testcase name="tc005" time="0.004" classname="framework.testng.Groups.TestSuite2"/>
</testsuite> <!-- framework.testng.Groups.TestSuite2 -->
