<?xml version="1.0" encoding="UTF-8"?>
<!-- Generated by org.testng.reporters.JUnitReportReporter -->
<testsuite hostname="DESKTOP-DRRO17G" name="framework.testng.My_Testng_Test" tests="3" failures="0" timestamp="6 Nov 2020 12:45:51 GMT" time="0.014" errors="0">
  <testcase name="tc001" time="0.012" classname="framework.testng.My_Testng_Test"/>
  <testcase name="tc003" time="0.001" classname="framework.testng.My_Testng_Test"/>
  <testcase name="tc002" time="0.001" classname="framework.testng.My_Testng_Test"/>
</testsuite> <!-- framework.testng.My_Testng_Test -->
