<?xml version="1.0" encoding="UTF-8"?>
<!-- Generated by org.testng.reporters.JUnitReportReporter -->
<testsuite hostname="DESKTOP-DRRO17G" name="framework.testng.Before_method_after_method" tests="3" failures="0" timestamp="5 Nov 2020 13:35:52 GMT" time="0.040" errors="0">
  <testcase name="tc002" time="0.035" classname="framework.testng.Before_method_after_method"/>
  <testcase name="tc001" time="0.004" classname="framework.testng.Before_method_after_method"/>
  <testcase name="tc003" time="0.001" classname="framework.testng.Before_method_after_method"/>
</testsuite> <!-- framework.testng.Before_method_after_method -->
