<?xml version="1.0" encoding="UTF-8"?>
<!-- Generated by org.testng.reporters.JUnitReportReporter -->
<testsuite hostname="DESKTOP-DRRO17G" name="framework.testng.Method_Priority" tests="3" failures="0" timestamp="5 Nov 2020 13:16:04 GMT" time="0.091" errors="0">
  <testcase name="a" time="0.002" classname="framework.testng.Method_Priority"/>
  <testcase name="f" time="0.070" classname="framework.testng.Method_Priority"/>
  <testcase name="x" time="0.019" classname="framework.testng.Method_Priority"/>
</testsuite> <!-- framework.testng.Method_Priority -->
