<?xml version="1.0" encoding="UTF-8"?>
<!-- Generated by org.testng.reporters.JUnitReportReporter -->
<testsuite hostname="DESKTOP-DRRO17G" name="framework.testng.CrossBrowser.CrossBrowser_Test" tests="9" failures="0" timestamp="6 Nov 2020 13:57:57 GMT" time="180.072" errors="0">
  <testcase name="flight_search" time="90.558" classname="framework.testng.CrossBrowser.CrossBrowser_Test"/>
  <testcase name="launchBrowser" time="7.523" classname="framework.testng.CrossBrowser.CrossBrowser_Test"/>
  <testcase name="loadApp" time="4.415" classname="framework.testng.CrossBrowser.CrossBrowser_Test"/>
  <testcase name="flight_search" time="11.986" classname="framework.testng.CrossBrowser.CrossBrowser_Test"/>
  <testcase name="loadApp" time="6.797" classname="framework.testng.CrossBrowser.CrossBrowser_Test"/>
  <testcase name="launchBrowser" time="6.672" classname="framework.testng.CrossBrowser.CrossBrowser_Test"/>
  <testcase name="launchBrowser" time="18.905" classname="framework.testng.CrossBrowser.CrossBrowser_Test"/>
  <testcase name="loadApp" time="18.220" classname="framework.testng.CrossBrowser.CrossBrowser_Test"/>
  <testcase name="flight_search" time="14.996" classname="framework.testng.CrossBrowser.CrossBrowser_Test"/>
</testsuite> <!-- framework.testng.CrossBrowser.CrossBrowser_Test -->
