<?xml version="1.0" encoding="UTF-8"?>
<!-- Generated by org.testng.reporters.JUnitReportReporter -->
<testsuite hostname="DESKTOP-DRRO17G" name="framework.testng.Testng_Method_Dependencies" tests="9" failures="0" timestamp="6 Nov 2020 13:01:59 GMT" time="0.003" errors="0">
  <testcase name="ComposeEmail" time="0.000" classname="framework.testng.Testng_Method_Dependencies"/>
  <testcase name="App_Load" time="0.000" classname="framework.testng.Testng_Method_Dependencies"/>
  <testcase name="Browser_launch" time="0.002" classname="framework.testng.Testng_Method_Dependencies"/>
  <testcase name="Forward_Email_from_Sent_Mails" time="0.000" classname="framework.testng.Testng_Method_Dependencies"/>
  <testcase name="Verify_Email_At_Sentemails_After_Compose_Email" time="0.000" classname="framework.testng.Testng_Method_Dependencies"/>
  <testcase name="Search_email" time="0.001" classname="framework.testng.Testng_Method_Dependencies"/>
  <testcase name="User_Signout" time="0.000" classname="framework.testng.Testng_Method_Dependencies"/>
  <testcase name="User_login" time="0.000" classname="framework.testng.Testng_Method_Dependencies"/>
  <testcase name="Verify_Email_At_inbox" time="0.000" classname="framework.testng.Testng_Method_Dependencies"/>
</testsuite> <!-- framework.testng.Testng_Method_Dependencies -->
