<?xml version="1.0" encoding="UTF-8"?>
<!-- Generated by org.testng.reporters.JUnitReportReporter -->
<testsuite hostname="DESKTOP-DRRO17G" name="framework.testng.TestSuite.Class3" tests="2" failures="0" timestamp="6 Nov 2020 13:16:27 GMT" time="0.008" errors="0">
  <testcase name="tc007" time="0.005" classname="framework.testng.TestSuite.Class3"/>
  <testcase name="tc009" time="0.003" classname="framework.testng.TestSuite.Class3"/>
</testsuite> <!-- framework.testng.TestSuite.Class3 -->
