<?xml version="1.0" encoding="UTF-8"?>
<!-- Generated by org.testng.reporters.JUnitReportReporter -->
<testsuite hostname="DESKTOP-DRRO17G" name="framework.testng.TestSuite.Class1" tests="3" failures="0" timestamp="6 Nov 2020 13:16:00 GMT" time="0.022" errors="0">
  <testcase name="tc001" time="0.016" classname="framework.testng.TestSuite.Class1"/>
  <testcase name="tc002" time="0.003" classname="framework.testng.TestSuite.Class1"/>
  <testcase name="tc003" time="0.003" classname="framework.testng.TestSuite.Class1"/>
</testsuite> <!-- framework.testng.TestSuite.Class1 -->
