<?xml version="1.0" encoding="UTF-8"?>
<!-- Generated by org.testng.reporters.JUnitReportReporter -->
<testsuite hostname="DESKTOP-DRRO17G" name="framework.testng.WebDriver_Tesng_ClassA" tests="2" failures="0" timestamp="5 Nov 2020 13:50:03 GMT" time="16.915" errors="0">
  <testcase name="Tc001_Signup_link" time="8.473" classname="framework.testng.WebDriver_Tesng_ClassA"/>
  <testcase name="Tc002_login_link" time="8.442" classname="framework.testng.WebDriver_Tesng_ClassA"/>
</testsuite> <!-- framework.testng.WebDriver_Tesng_ClassA -->
