<?xml version="1.0" encoding="UTF-8"?>
<!-- Generated by org.testng.reporters.JUnitReportReporter -->
<testsuite hostname="DESKTOP-DRRO17G" name="framework.testng.TestSuite.Class2" tests="2" failures="0" timestamp="6 Nov 2020 13:16:27 GMT" time="0.032" errors="0">
  <testcase name="tc006" time="0.007" classname="framework.testng.TestSuite.Class2"/>
  <testcase name="tc004" time="0.025" classname="framework.testng.TestSuite.Class2"/>
</testsuite> <!-- framework.testng.TestSuite.Class2 -->
