<?xml version="1.0" encoding="UTF-8"?>
<!-- Generated by org.testng.reporters.JUnitReportReporter -->
<testsuite hostname="DESKTOP-DRRO17G" name="framework.testng.WebDriver_Tesng_ClassA" tests="2" failures="0" timestamp="6 Nov 2020 12:56:43 GMT" time="19.028" errors="0">
  <testcase name="Tc002_login_link" time="6.550" classname="framework.testng.WebDriver_Tesng_ClassA"/>
  <testcase name="Tc001_Signup_link" time="12.478" classname="framework.testng.WebDriver_Tesng_ClassA"/>
</testsuite> <!-- framework.testng.WebDriver_Tesng_ClassA -->
