<?xml version="1.0" encoding="UTF-8"?>
<!-- Generated by org.testng.reporters.JUnitReportReporter -->
<testsuite hostname="DESKTOP-DRRO17G" name="framework.testng.Groups.TestSuite3" tests="3" failures="0" timestamp="6 Nov 2020 13:31:07 GMT" time="0.014" errors="0">
  <testcase name="tc007" time="0.003" classname="framework.testng.Groups.TestSuite3"/>
  <testcase name="tc008" time="0.003" classname="framework.testng.Groups.TestSuite3"/>
  <testcase name="tc009" time="0.008" classname="framework.testng.Groups.TestSuite3"/>
</testsuite> <!-- framework.testng.Groups.TestSuite3 -->
