<?xml version="1.0" encoding="UTF-8"?>
<!-- Generated by org.testng.reporters.JUnitReportReporter -->
<testsuite hostname="DESKTOP-DRRO17G" name="framework.testng.Method_Priority" tests="3" failures="0" timestamp="6 Nov 2020 12:45:53 GMT" time="0.000" errors="0">
  <testcase name="x" time="0.000" classname="framework.testng.Method_Priority"/>
  <testcase name="a" time="0.000" classname="framework.testng.Method_Priority"/>
  <testcase name="f" time="0.000" classname="framework.testng.Method_Priority"/>
</testsuite> <!-- framework.testng.Method_Priority -->
